<?xml version="1.0" encoding="UTF-8"?>
<!-- Generated by org.testng.reporters.JUnitReportReporter -->
<testsuite hostname="LAPTOP-DJR9VIKB" failures="0" tests="2" name="com.socialmedia.PracticeClass1" time="0.002" errors="0" timestamp="2023-03-10T14:57:02 IST" skipped="0">
  <testcase classname="com.socialmedia.PracticeClass1" name="practiceClass1" time="0.001"/>
  <system-out/>
  <testcase classname="com.socialmedia.PracticeClass1" name="practiceClass2" time="0.001"/>
  <system-out/>
</testsuite> <!-- com.socialmedia.PracticeClass1 -->
