<?xml version="1.0" encoding="UTF-8"?>
<!-- Generated by org.testng.reporters.JUnitReportReporter -->
<testsuite skipped="0" hostname="LAPTOP-DJR9VIKB" name="com.socialmedia.PracticeClass1test" tests="2" failures="0" timestamp="2023-03-10T15:17:07 IST" time="0.000" errors="0">
  <testcase name="practiceClass1" time="0.000" classname="com.socialmedia.PracticeClass1test"/>
  <system-out/>
  <testcase name="practiceClass2" time="0.000" classname="com.socialmedia.PracticeClass1test"/>
  <system-out/>
</testsuite> <!-- com.socialmedia.PracticeClass1test -->
